<?xml version="1.0" encoding="UTF-8"?>
<!-- Generated by org.testng.reporters.JUnitReportReporter -->
<testsuite skipped="0" hostname="DESKTOP-6DLV9PP" name="com.livingtree.tests.LQ4084" tests="1" failures="0" timestamp="14 Dec 2021 23:52:53 GMT" time="158.981" errors="0">
  <testcase name="test_LQ4084" time="158.981" classname="com.livingtree.tests.LQ4084"/>
</testsuite> <!-- com.livingtree.tests.LQ4084 -->
