<?xml version="1.0" encoding="UTF-8"?>
<!-- Generated by org.testng.reporters.JUnitReportReporter -->
<testsuite skipped="0" hostname="DESKTOP-6DLV9PP" name="com.livingtree.tests.LQ4328_FilePost" tests="1" failures="0" timestamp="14 Dec 2021 23:52:53 GMT" time="465.303" errors="0">
  <testcase name="test_LQ4328FilePost" time="465.303" classname="com.livingtree.tests.LQ4328_FilePost"/>
</testsuite> <!-- com.livingtree.tests.LQ4328_FilePost -->
