<?xml version="1.0" encoding="UTF-8"?>
<!-- Generated by org.testng.reporters.JUnitReportReporter -->
<testsuite skipped="0" hostname="DESKTOP-6DLV9PP" name="com.livingtree.tests.LQ2202" tests="1" failures="0" timestamp="14 Dec 2021 23:52:53 GMT" time="176.880" errors="0">
  <testcase name="test_LQ2202" time="176.880" classname="com.livingtree.tests.LQ2202"/>
</testsuite> <!-- com.livingtree.tests.LQ2202 -->
