<?xml version="1.0" encoding="UTF-8"?>
<!-- Generated by org.testng.reporters.JUnitReportReporter -->
<testsuite skipped="0" hostname="DESKTOP-6DLV9PP" name="com.livingtree.tests.LQ1935" tests="1" failures="0" timestamp="14 Dec 2021 23:52:53 GMT" time="169.661" errors="0">
  <testcase name="test_LQ1935" time="169.661" classname="com.livingtree.tests.LQ1935"/>
</testsuite> <!-- com.livingtree.tests.LQ1935 -->
