<?xml version="1.0" encoding="UTF-8"?>
<!-- Generated by org.testng.reporters.JUnitReportReporter -->
<testsuite skipped="0" hostname="DESKTOP-6DLV9PP" name="com.livingtree.tests.LQ4328_SchedulePhotoPost" tests="1" failures="0" timestamp="14 Dec 2021 23:52:53 GMT" time="669.236" errors="0">
  <testcase name="test_LQ4328SchedulePhotoPost" time="669.236" classname="com.livingtree.tests.LQ4328_SchedulePhotoPost"/>
</testsuite> <!-- com.livingtree.tests.LQ4328_SchedulePhotoPost -->
