<?xml version="1.0" encoding="UTF-8"?>
<!-- Generated by org.testng.reporters.JUnitReportReporter -->
<testsuite skipped="0" hostname="DESKTOP-6DLV9PP" name="com.livingtree.tests.LQ5300" tests="1" failures="0" timestamp="14 Dec 2021 23:52:53 GMT" time="132.340" errors="0">
  <testcase name="test_LQ5300" time="132.340" classname="com.livingtree.tests.LQ5300"/>
</testsuite> <!-- com.livingtree.tests.LQ5300 -->
