<?xml version="1.0" encoding="UTF-8"?>
<!-- Generated by org.testng.reporters.JUnitReportReporter -->
<testsuite skipped="0" hostname="DESKTOP-6DLV9PP" name="com.livingtree.tests.LA14846" tests="1" failures="0" timestamp="14 Dec 2021 23:52:53 GMT" time="124.516" errors="0">
  <testcase name="test_LA14846" time="124.516" classname="com.livingtree.tests.LA14846"/>
</testsuite> <!-- com.livingtree.tests.LA14846 -->
